  [1m[35m (652.3ms)[0m  [1m[35mCREATE DATABASE "blog_development" ENCODING = 'unicode'[0m
  [1m[35m (393.0ms)[0m  [1m[35mCREATE DATABASE "blog_test" ENCODING = 'unicode'[0m
  [1m[35m (168.9ms)[0m  [1m[35mCREATE TABLE "schema_migrations" ("version" character varying NOT NULL PRIMARY KEY)[0m
  [1m[35m (4.7ms)[0m  [1m[35mCREATE TABLE "ar_internal_metadata" ("key" character varying NOT NULL PRIMARY KEY, "value" character varying, "created_at" timestamp(6) NOT NULL, "updated_at" timestamp(6) NOT NULL)[0m
  [1m[35m (0.6ms)[0m  [1m[34mSELECT pg_try_advisory_lock(892336952976185220)[0m
  [1m[35m (1.3ms)[0m  [1m[34mSELECT "schema_migrations"."version" FROM "schema_migrations" ORDER BY "schema_migrations"."version" ASC[0m
Migrating to CreateBlogzs (20210120161943)
  [1m[36mTRANSACTION (16.7ms)[0m  [1m[35mBEGIN[0m
  [1m[35m (14.5ms)[0m  [1m[35mCREATE TABLE "blogzs" ("id" bigserial primary key, "title" character varying, "content" character varying, "author" character varying, "img" character varying, "created_at" timestamp(6) NOT NULL, "updated_at" timestamp(6) NOT NULL)[0m
  [1m[36mActiveRecord::SchemaMigration Create (29.0ms)[0m  [1m[32mINSERT INTO "schema_migrations" ("version") VALUES ($1) RETURNING "version"[0m  [["version", "20210120161943"]]
  [1m[36mTRANSACTION (0.6ms)[0m  [1m[35mCOMMIT[0m
Migrating to CreateComments (20210120162128)
  [1m[36mTRANSACTION (19.6ms)[0m  [1m[35mBEGIN[0m
  [1m[35m (5.6ms)[0m  [1m[35mCREATE TABLE "comments" ("id" bigserial primary key, "name" character varying, "email" character varying, "ideas" character varying, "created_at" timestamp(6) NOT NULL, "updated_at" timestamp(6) NOT NULL)[0m
  [1m[36mActiveRecord::SchemaMigration Create (23.5ms)[0m  [1m[32mINSERT INTO "schema_migrations" ("version") VALUES ($1) RETURNING "version"[0m  [["version", "20210120162128"]]
  [1m[36mTRANSACTION (1.0ms)[0m  [1m[35mCOMMIT[0m
  [1m[36mActiveRecord::InternalMetadata Load (1.0ms)[0m  [1m[34mSELECT "ar_internal_metadata".* FROM "ar_internal_metadata" WHERE "ar_internal_metadata"."key" = $1 LIMIT $2[0m  [["key", "environment"], ["LIMIT", 1]]
  [1m[36mTRANSACTION (0.2ms)[0m  [1m[35mBEGIN[0m
  [1m[36mActiveRecord::InternalMetadata Create (2.2ms)[0m  [1m[32mINSERT INTO "ar_internal_metadata" ("key", "value", "created_at", "updated_at") VALUES ($1, $2, $3, $4) RETURNING "key"[0m  [["key", "environment"], ["value", "development"], ["created_at", "2021-01-20 16:23:32.989900"], ["updated_at", "2021-01-20 16:23:32.989900"]]
  [1m[36mTRANSACTION (0.5ms)[0m  [1m[35mCOMMIT[0m
  [1m[35m (0.5ms)[0m  [1m[34mSELECT pg_advisory_unlock(892336952976185220)[0m
  [1m[35m (4.1ms)[0m  [1m[34mSELECT "schema_migrations"."version" FROM "schema_migrations" ORDER BY "schema_migrations"."version" ASC[0m
  [1m[35m (1.4ms)[0m  [1m[34mSELECT "schema_migrations"."version" FROM "schema_migrations" ORDER BY "schema_migrations"."version" ASC[0m
  [1m[36mTRANSACTION (0.3ms)[0m  [1m[35mBEGIN[0m
  [1m[36mBlogz Create (29.7ms)[0m  [1m[32mINSERT INTO "blogzs" ("title", "content", "author", "img", "created_at", "updated_at") VALUES ($1, $2, $3, $4, $5, $6) RETURNING "id"[0m  [["title", "winter trees arent cute"], ["content", "ewrnlearnwelrknwewlerwe is how winter trees make me feel"], ["author", "Xila Reyna"], ["img", "https://images.fineartamerica.com/images/artworkimages/mediumlarge/2/twisting-winter-trees-in-forest-canopy-with-bare-branches-philip-openshaw.jpg"], ["created_at", "2021-01-20 16:36:11.375087"], ["updated_at", "2021-01-20 16:36:11.375087"]]
  [1m[36mTRANSACTION (16.3ms)[0m  [1m[35mCOMMIT[0m
  [1m[35m (26.1ms)[0m  [1m[34mSELECT "schema_migrations"."version" FROM "schema_migrations" ORDER BY "schema_migrations"."version" ASC[0m
  [1m[36mTRANSACTION (0.3ms)[0m  [1m[35mBEGIN[0m
  [1m[36mBlogz Create (26.3ms)[0m  [1m[32mINSERT INTO "blogzs" ("title", "content", "author", "img", "created_at", "updated_at") VALUES ($1, $2, $3, $4, $5, $6) RETURNING "id"[0m  [["title", "winter trees arent cute"], ["content", "ewrnlearnwelrknwewlerwe is how winter trees make me feel"], ["author", "Xila Reyna"], ["img", "https://images.fineartamerica.com/images/artworkimages/mediumlarge/2/twisting-winter-trees-in-forest-canopy-with-bare-branches-philip-openshaw.jpg"], ["created_at", "2021-01-20 16:37:23.877367"], ["updated_at", "2021-01-20 16:37:23.877367"]]
  [1m[36mTRANSACTION (1.0ms)[0m  [1m[35mCOMMIT[0m
  [1m[35m (1.1ms)[0m  [1m[34mSELECT "schema_migrations"."version" FROM "schema_migrations" ORDER BY "schema_migrations"."version" ASC[0m
  [1m[36mTRANSACTION (0.2ms)[0m  [1m[35mBEGIN[0m
  [1m[36mBlogz Create (1.2ms)[0m  [1m[32mINSERT INTO "blogzs" ("title", "content", "author", "img", "created_at", "updated_at") VALUES ($1, $2, $3, $4, $5, $6) RETURNING "id"[0m  [["title", "winter trees arent cute"], ["content", "ewrnlearnwelrknwewlerwe is how winter trees make me feel"], ["author", "Xila Reyna"], ["img", "https://images.fineartamerica.com/images/artworkimages/mediumlarge/2/twisting-winter-trees-in-forest-canopy-with-bare-branches-philip-openshaw.jpg"], ["created_at", "2021-01-20 16:38:02.276380"], ["updated_at", "2021-01-20 16:38:02.276380"]]
  [1m[36mTRANSACTION (0.8ms)[0m  [1m[35mCOMMIT[0m
  [1m[36mBlogz Exists? (1.0ms)[0m  [1m[34mSELECT 1 AS one FROM "blogzs" LIMIT $1[0m  [["LIMIT", 1]]
  [1m[36mBlogz Load (0.7ms)[0m  [1m[34mSELECT "blogzs".* FROM "blogzs"[0m
  [1m[36mComment Exists? (6.0ms)[0m  [1m[34mSELECT 1 AS one FROM "comments" LIMIT $1[0m  [["LIMIT", 1]]
  [1m[35m (2.6ms)[0m  [1m[34mSELECT "schema_migrations"."version" FROM "schema_migrations" ORDER BY "schema_migrations"."version" ASC[0m
  [1m[36mTRANSACTION (15.7ms)[0m  [1m[35mBEGIN[0m
  [1m[36mBlogz Create (3.3ms)[0m  [1m[32mINSERT INTO "blogzs" ("title", "content", "author", "img", "created_at", "updated_at") VALUES ($1, $2, $3, $4, $5, $6) RETURNING "id"[0m  [["title", "winter trees arent cute"], ["content", "ewrnlearnwelrknwewlerwe is how winter trees make me feel"], ["author", "Xila Reyna"], ["img", "https://images.fineartamerica.com/images/artworkimages/mediumlarge/2/twisting-winter-trees-in-forest-canopy-with-bare-branches-philip-openshaw.jpg"], ["created_at", "2021-01-20 16:41:19.247067"], ["updated_at", "2021-01-20 16:41:19.247067"]]
  [1m[36mTRANSACTION (0.9ms)[0m  [1m[35mCOMMIT[0m
  [1m[36mComment Exists? (1.0ms)[0m  [1m[34mSELECT 1 AS one FROM "comments" LIMIT $1[0m  [["LIMIT", 1]]
  [1m[35m (1.2ms)[0m  [1m[34mSELECT "schema_migrations"."version" FROM "schema_migrations" ORDER BY "schema_migrations"."version" ASC[0m
  [1m[36mTRANSACTION (18.5ms)[0m  [1m[35mBEGIN[0m
  [1m[36mBlogz Create (1.2ms)[0m  [1m[32mINSERT INTO "blogzs" ("title", "content", "author", "img", "created_at", "updated_at") VALUES ($1, $2, $3, $4, $5, $6) RETURNING "id"[0m  [["title", "winter trees arent cute"], ["content", "ewrnlearnwelrknwewlerwe is how winter trees make me feel"], ["author", "Xila Reyna"], ["img", "https://images.fineartamerica.com/images/artworkimages/mediumlarge/2/twisting-winter-trees-in-forest-canopy-with-bare-branches-philip-openshaw.jpg"], ["created_at", "2021-01-20 16:44:14.649656"], ["updated_at", "2021-01-20 16:44:14.649656"]]
  [1m[36mTRANSACTION (0.9ms)[0m  [1m[35mCOMMIT[0m
  [1m[36mComment Exists? (1.0ms)[0m  [1m[34mSELECT 1 AS one FROM "comments" LIMIT $1[0m  [["LIMIT", 1]]
  [1m[36mBlogz Load (0.8ms)[0m  [1m[34mSELECT "blogzs".* FROM "blogzs" WHERE "blogzs"."id" = $1 LIMIT $2[0m  [["id", 1], ["LIMIT", 1]]
  [1m[36mBlogz Load (20.0ms)[0m  [1m[34mSELECT "blogzs".* FROM "blogzs" WHERE "blogzs"."id" = $1 LIMIT $2[0m  [["id", 1], ["LIMIT", 1]]
  [1m[36mComment Exists? (30.4ms)[0m  [1m[34mSELECT 1 AS one FROM "comments" WHERE "comments"."blogz_id" = $1 LIMIT $2[0m  [["blogz_id", 1], ["LIMIT", 1]]
  [1m[35m (0.8ms)[0m  [1m[34mSELECT pg_try_advisory_lock(892336952976185220)[0m
  [1m[35m (1.6ms)[0m  [1m[34mSELECT "schema_migrations"."version" FROM "schema_migrations" ORDER BY "schema_migrations"."version" ASC[0m
Migrating to AddForeignKeyToBlogz (20210120165409)
  [1m[36mTRANSACTION (0.4ms)[0m  [1m[35mBEGIN[0m
  [1m[35m (38.9ms)[0m  [1m[35mALTER TABLE "comments" ADD "blogz_id" integer[0m
  [1m[36mActiveRecord::SchemaMigration Create (1.6ms)[0m  [1m[32mINSERT INTO "schema_migrations" ("version") VALUES ($1) RETURNING "version"[0m  [["version", "20210120165409"]]
  [1m[36mTRANSACTION (28.1ms)[0m  [1m[35mCOMMIT[0m
  [1m[36mActiveRecord::InternalMetadata Load (4.9ms)[0m  [1m[34mSELECT "ar_internal_metadata".* FROM "ar_internal_metadata" WHERE "ar_internal_metadata"."key" = $1 LIMIT $2[0m  [["key", "environment"], ["LIMIT", 1]]
  [1m[35m (0.4ms)[0m  [1m[34mSELECT pg_advisory_unlock(892336952976185220)[0m
  [1m[35m (1.4ms)[0m  [1m[34mSELECT "schema_migrations"."version" FROM "schema_migrations" ORDER BY "schema_migrations"."version" ASC[0m
  [1m[36mBlogz Load (1.0ms)[0m  [1m[34mSELECT "blogzs".* FROM "blogzs" WHERE "blogzs"."id" = $1 LIMIT $2[0m  [["id", 1], ["LIMIT", 1]]
  [1m[36mComment Exists? (0.7ms)[0m  [1m[34mSELECT 1 AS one FROM "comments" WHERE "comments"."blogz_id" = $1 LIMIT $2[0m  [["blogz_id", 1], ["LIMIT", 1]]
  [1m[36mComment Exists? (0.6ms)[0m  [1m[34mSELECT 1 AS one FROM "comments" LIMIT $1[0m  [["LIMIT", 1]]
  [1m[36mTRANSACTION (9.4ms)[0m  [1m[35mBEGIN[0m
  [1m[36mBlogz Load (0.9ms)[0m  [1m[34mSELECT "blogzs".* FROM "blogzs" WHERE "blogzs"."id" = $1 LIMIT $2[0m  [["id", 1], ["LIMIT", 1]]
  [1m[36mComment Create (9.9ms)[0m  [1m[32mINSERT INTO "comments" ("name", "email", "ideas", "created_at", "updated_at", "blogz_id") VALUES ($1, $2, $3, $4, $5, $6) RETURNING "id"[0m  [["name", "xila"], ["email", "aasdas@gmail.com"], ["ideas", "afasd"], ["created_at", "2021-01-20 16:58:21.496666"], ["updated_at", "2021-01-20 16:58:21.496666"], ["blogz_id", 1]]
  [1m[36mTRANSACTION (57.1ms)[0m  [1m[35mCOMMIT[0m
  [1m[36mComment Exists? (2.1ms)[0m  [1m[34mSELECT 1 AS one FROM "comments" LIMIT $1[0m  [["LIMIT", 1]]
  [1m[36mComment Load (32.3ms)[0m  [1m[34mSELECT "comments".* FROM "comments"[0m
  [1m[36mBlogz Load (16.0ms)[0m  [1m[34mSELECT "blogzs".* FROM "blogzs" WHERE "blogzs"."id" = $1 LIMIT $2[0m  [["id", 1], ["LIMIT", 1]]
  [1m[36mComment Exists? (46.7ms)[0m  [1m[34mSELECT 1 AS one FROM "comments" WHERE "comments"."blogz_id" = $1 LIMIT $2[0m  [["blogz_id", 1], ["LIMIT", 1]]
  [1m[36mComment Load (1.5ms)[0m  [1m[34mSELECT "comments".* FROM "comments" WHERE "comments"."blogz_id" = $1[0m  [["blogz_id", 1]]
  [1m[35m (126.1ms)[0m  [1m[35mCREATE DATABASE "blog_development" ENCODING = 'unicode'[0m
  [1m[35m (61.0ms)[0m  [1m[35mCREATE DATABASE "blog_test" ENCODING = 'unicode'[0m
Started GET "/" for ::1 at 2021-01-20 15:03:01 -0500
  [1m[35m (4.4ms)[0m  [1m[35mCREATE TABLE "schema_migrations" ("version" character varying NOT NULL PRIMARY KEY)[0m
  [1m[35m (2.6ms)[0m  [1m[35mCREATE TABLE "ar_internal_metadata" ("key" character varying NOT NULL PRIMARY KEY, "value" character varying, "created_at" timestamp(6) NOT NULL, "updated_at" timestamp(6) NOT NULL)[0m
  [1m[35m (0.6ms)[0m  [1m[34mSELECT "schema_migrations"."version" FROM "schema_migrations" ORDER BY "schema_migrations"."version" ASC[0m
  
ActiveRecord::PendingMigrationError (

Migrations are pending. To resolve this issue, run:

        bin/rails db:migrate RAILS_ENV=development

You have 3 pending migrations:

20210120161943_create_blogzs.rb
20210120162128_create_comments.rb
20210120165409_add_foreign_key_to_blogz.rb


):
  
activerecord (6.1.1) lib/active_record/migration.rb:625:in `check_pending!'
activerecord (6.1.1) lib/active_record/migration.rb:590:in `block (2 levels) in call'
activesupport (6.1.1) lib/active_support/evented_file_update_checker.rb:59:in `execute'
activerecord (6.1.1) lib/active_record/migration.rb:595:in `block in call'
activerecord (6.1.1) lib/active_record/migration.rb:587:in `synchronize'
activerecord (6.1.1) lib/active_record/migration.rb:587:in `call'
actionpack (6.1.1) lib/action_dispatch/middleware/callbacks.rb:27:in `block in call'
activesupport (6.1.1) lib/active_support/callbacks.rb:98:in `run_callbacks'
actionpack (6.1.1) lib/action_dispatch/middleware/callbacks.rb:26:in `call'
actionpack (6.1.1) lib/action_dispatch/middleware/executor.rb:14:in `call'
actionpack (6.1.1) lib/action_dispatch/middleware/actionable_exceptions.rb:18:in `call'
actionpack (6.1.1) lib/action_dispatch/middleware/debug_exceptions.rb:29:in `call'
actionpack (6.1.1) lib/action_dispatch/middleware/show_exceptions.rb:33:in `call'
railties (6.1.1) lib/rails/rack/logger.rb:37:in `call_app'
railties (6.1.1) lib/rails/rack/logger.rb:26:in `block in call'
activesupport (6.1.1) lib/active_support/tagged_logging.rb:99:in `block in tagged'
activesupport (6.1.1) lib/active_support/tagged_logging.rb:37:in `tagged'
activesupport (6.1.1) lib/active_support/tagged_logging.rb:99:in `tagged'
railties (6.1.1) lib/rails/rack/logger.rb:26:in `call'
actionpack (6.1.1) lib/action_dispatch/middleware/remote_ip.rb:81:in `call'
actionpack (6.1.1) lib/action_dispatch/middleware/request_id.rb:26:in `call'
rack (2.2.3) lib/rack/runtime.rb:22:in `call'
activesupport (6.1.1) lib/active_support/cache/strategy/local_cache_middleware.rb:29:in `call'
actionpack (6.1.1) lib/action_dispatch/middleware/executor.rb:14:in `call'
actionpack (6.1.1) lib/action_dispatch/middleware/static.rb:24:in `call'
rack (2.2.3) lib/rack/sendfile.rb:110:in `call'
actionpack (6.1.1) lib/action_dispatch/middleware/host_authorization.rb:98:in `call'
rack-cors (1.1.1) lib/rack/cors.rb:100:in `call'
railties (6.1.1) lib/rails/engine.rb:539:in `call'
puma (5.1.1) lib/puma/configuration.rb:246:in `call'
puma (5.1.1) lib/puma/request.rb:76:in `block in handle_request'
puma (5.1.1) lib/puma/thread_pool.rb:337:in `with_force_shutdown'
puma (5.1.1) lib/puma/request.rb:75:in `handle_request'
puma (5.1.1) lib/puma/server.rb:431:in `process_client'
puma (5.1.1) lib/puma/thread_pool.rb:145:in `block in spawn_thread'
Started POST "/rails/actions" for ::1 at 2021-01-20 15:03:06 -0500
  [1m[35m (0.2ms)[0m  [1m[34mSELECT pg_try_advisory_lock(892336952976185220)[0m
  [1m[35m (0.2ms)[0m  [1m[34mSELECT "schema_migrations"."version" FROM "schema_migrations" ORDER BY "schema_migrations"."version" ASC[0m
Migrating to CreateBlogzs (20210120161943)
  [1m[36mTRANSACTION (0.1ms)[0m  [1m[35mBEGIN[0m
  [1m[35m (3.6ms)[0m  [1m[35mCREATE TABLE "blogzs" ("id" bigserial primary key, "title" character varying, "content" character varying, "author" character varying, "img" character varying, "created_at" timestamp(6) NOT NULL, "updated_at" timestamp(6) NOT NULL)[0m
  [1m[36mActiveRecord::SchemaMigration Create (0.4ms)[0m  [1m[32mINSERT INTO "schema_migrations" ("version") VALUES ($1) RETURNING "version"[0m  [["version", "20210120161943"]]
  [1m[36mTRANSACTION (0.4ms)[0m  [1m[35mCOMMIT[0m
Migrating to CreateComments (20210120162128)
  [1m[36mTRANSACTION (0.2ms)[0m  [1m[35mBEGIN[0m
  [1m[35m (2.9ms)[0m  [1m[35mCREATE TABLE "comments" ("id" bigserial primary key, "name" character varying, "email" character varying, "ideas" character varying, "created_at" timestamp(6) NOT NULL, "updated_at" timestamp(6) NOT NULL)[0m
  [1m[36mActiveRecord::SchemaMigration Create (0.3ms)[0m  [1m[32mINSERT INTO "schema_migrations" ("version") VALUES ($1) RETURNING "version"[0m  [["version", "20210120162128"]]
  [1m[36mTRANSACTION (0.4ms)[0m  [1m[35mCOMMIT[0m
Migrating to AddForeignKeyToBlogz (20210120165409)
  [1m[36mTRANSACTION (0.2ms)[0m  [1m[35mBEGIN[0m
  [1m[35m (0.7ms)[0m  [1m[35mALTER TABLE "comments" ADD "blogz_id" integer[0m
  [1m[36mActiveRecord::SchemaMigration Create (0.2ms)[0m  [1m[32mINSERT INTO "schema_migrations" ("version") VALUES ($1) RETURNING "version"[0m  [["version", "20210120165409"]]
  [1m[36mTRANSACTION (0.3ms)[0m  [1m[35mCOMMIT[0m
  [1m[36mActiveRecord::InternalMetadata Load (0.2ms)[0m  [1m[34mSELECT "ar_internal_metadata".* FROM "ar_internal_metadata" WHERE "ar_internal_metadata"."key" = $1 LIMIT $2[0m  [["key", "environment"], ["LIMIT", 1]]
  [1m[36mTRANSACTION (0.1ms)[0m  [1m[35mBEGIN[0m
  [1m[36mActiveRecord::InternalMetadata Create (0.4ms)[0m  [1m[32mINSERT INTO "ar_internal_metadata" ("key", "value", "created_at", "updated_at") VALUES ($1, $2, $3, $4) RETURNING "key"[0m  [["key", "environment"], ["value", "development"], ["created_at", "2021-01-20 20:03:06.628205"], ["updated_at", "2021-01-20 20:03:06.628205"]]
  [1m[36mTRANSACTION (0.2ms)[0m  [1m[35mCOMMIT[0m
  [1m[35m (0.2ms)[0m  [1m[34mSELECT pg_advisory_unlock(892336952976185220)[0m
  [1m[35m (0.2ms)[0m  [1m[34mSELECT "schema_migrations"."version" FROM "schema_migrations" ORDER BY "schema_migrations"."version" ASC[0m
Started GET "/" for ::1 at 2021-01-20 15:03:06 -0500
  [1m[35m (0.2ms)[0m  [1m[34mSELECT "schema_migrations"."version" FROM "schema_migrations" ORDER BY "schema_migrations"."version" ASC[0m
Processing by Rails::WelcomeController#index as HTML
  Rendering /Library/Ruby/Gems/2.6.0/gems/railties-6.1.1/lib/rails/templates/rails/welcome/index.html.erb
  Rendered /Library/Ruby/Gems/2.6.0/gems/railties-6.1.1/lib/rails/templates/rails/welcome/index.html.erb (Duration: 5.4ms | Allocations: 202)
Completed 200 OK in 13ms (Views: 6.0ms | ActiveRecord: 0.0ms | Allocations: 2289)


Started GET "/comments" for ::1 at 2021-01-20 15:03:21 -0500
Processing by CommentsController#index as HTML
  [1m[36mComment Load (0.4ms)[0m  [1m[34mSELECT "comments".* FROM "comments"[0m
  ↳ app/controllers/comments_controller.rb:8:in `index'
Completed 200 OK in 6ms (Views: 1.2ms | ActiveRecord: 0.4ms | Allocations: 2063)


Started GET "/blogz" for ::1 at 2021-01-20 15:04:17 -0500
  
ActionController::RoutingError (No route matches [GET] "/blogz"):
  
Started GET "/blogzs" for ::1 at 2021-01-20 15:04:25 -0500
Processing by BlogzsController#index as HTML
  [1m[36mBlogz Load (0.4ms)[0m  [1m[34mSELECT "blogzs".* FROM "blogzs"[0m
  ↳ app/controllers/blogzs_controller.rb:8:in `index'
Completed 200 OK in 6ms (Views: 1.2ms | ActiveRecord: 0.4ms | Allocations: 1997)


  [1m[35m (0.7ms)[0m  [1m[34mSELECT "schema_migrations"."version" FROM "schema_migrations" ORDER BY "schema_migrations"."version" ASC[0m
  [1m[36mTRANSACTION (0.1ms)[0m  [1m[35mBEGIN[0m
  [1m[36mBlogz Create (0.7ms)[0m  [1m[32mINSERT INTO "blogzs" ("title", "content", "author", "img", "created_at", "updated_at") VALUES ($1, $2, $3, $4, $5, $6) RETURNING "id"[0m  [["title", "winter trees arent cute"], ["content", "ewrnlearnwelrknwewlerwe is how winter trees make me feel"], ["author", "Xila Reyna"], ["img", "https://images.fineartamerica.com/images/artworkimages/mediumlarge/2/twisting-winter-trees-in-forest-canopy-with-bare-branches-philip-openshaw.jpg"], ["created_at", "2021-01-20 20:04:50.848723"], ["updated_at", "2021-01-20 20:04:50.848723"]]
  [1m[36mTRANSACTION (0.4ms)[0m  [1m[35mCOMMIT[0m
  [1m[35m (0.1ms)[0m  [1m[34mSELECT pg_try_advisory_lock(892336952976185220)[0m
  [1m[35m (0.5ms)[0m  [1m[34mSELECT "schema_migrations"."version" FROM "schema_migrations" ORDER BY "schema_migrations"."version" ASC[0m
  [1m[36mActiveRecord::InternalMetadata Load (0.3ms)[0m  [1m[34mSELECT "ar_internal_metadata".* FROM "ar_internal_metadata" WHERE "ar_internal_metadata"."key" = $1 LIMIT $2[0m  [["key", "environment"], ["LIMIT", 1]]
  [1m[35m (0.2ms)[0m  [1m[34mSELECT pg_advisory_unlock(892336952976185220)[0m
  [1m[35m (0.6ms)[0m  [1m[34mSELECT "schema_migrations"."version" FROM "schema_migrations" ORDER BY "schema_migrations"."version" ASC[0m
Started GET "/blogzs" for ::1 at 2021-01-20 15:05:33 -0500
  [1m[35m (0.6ms)[0m  [1m[34mSELECT "schema_migrations"."version" FROM "schema_migrations" ORDER BY "schema_migrations"."version" ASC[0m
Processing by BlogzsController#index as HTML
  [1m[36mBlogz Load (0.6ms)[0m  [1m[34mSELECT "blogzs".* FROM "blogzs"[0m
  ↳ app/controllers/blogzs_controller.rb:8:in `index'
Completed 200 OK in 15ms (Views: 5.5ms | ActiveRecord: 4.7ms | Allocations: 8615)


Started GET "/comments" for ::1 at 2021-01-20 15:06:00 -0500
Processing by CommentsController#index as HTML
  [1m[36mComment Load (0.8ms)[0m  [1m[34mSELECT "comments".* FROM "comments"[0m
  ↳ app/controllers/comments_controller.rb:8:in `index'
Completed 200 OK in 5ms (Views: 2.3ms | ActiveRecord: 0.8ms | Allocations: 1350)


Started GET "/blogzs/comments" for ::1 at 2021-01-20 15:06:31 -0500
Processing by BlogzsController#show as HTML
  Parameters: {"id"=>"comments"}
  [1m[36mBlogz Load (0.3ms)[0m  [1m[34mSELECT "blogzs".* FROM "blogzs" WHERE "blogzs"."id" = $1 LIMIT $2[0m  [["id", nil], ["LIMIT", 1]]
  ↳ app/controllers/blogzs_controller.rb:44:in `set_blogz'
Completed 404 Not Found in 7ms (ActiveRecord: 0.4ms | Allocations: 2112)


  
ActiveRecord::RecordNotFound (Couldn't find Blogz with 'id'=comments):
  
app/controllers/blogzs_controller.rb:44:in `set_blogz'
Started GET "/blogzs/comments" for ::1 at 2021-01-20 15:06:42 -0500
Processing by BlogzsController#show as HTML
  Parameters: {"id"=>"comments"}
  [1m[36mBlogz Load (0.4ms)[0m  [1m[34mSELECT "blogzs".* FROM "blogzs" WHERE "blogzs"."id" = $1 LIMIT $2[0m  [["id", nil], ["LIMIT", 1]]
  ↳ app/controllers/blogzs_controller.rb:44:in `set_blogz'
Completed 404 Not Found in 2ms (ActiveRecord: 0.4ms | Allocations: 595)


  
ActiveRecord::RecordNotFound (Couldn't find Blogz with 'id'=comments):
  
app/controllers/blogzs_controller.rb:44:in `set_blogz'
Started GET "/blogzs" for ::1 at 2021-01-20 15:06:47 -0500
Processing by BlogzsController#index as HTML
  [1m[36mBlogz Load (0.2ms)[0m  [1m[34mSELECT "blogzs".* FROM "blogzs"[0m
  ↳ app/controllers/blogzs_controller.rb:8:in `index'
Completed 200 OK in 2ms (Views: 1.6ms | ActiveRecord: 0.2ms | Allocations: 852)


Started GET "/comments" for ::1 at 2021-01-20 15:07:58 -0500
Processing by CommentsController#index as HTML
  [1m[36mComment Load (0.2ms)[0m  [1m[34mSELECT "comments".* FROM "comments"[0m
  ↳ app/controllers/comments_controller.rb:8:in `index'
Completed 200 OK in 2ms (Views: 1.2ms | ActiveRecord: 0.2ms | Allocations: 618)


Started GET "/blogzs/1" for ::1 at 2021-01-20 15:08:38 -0500
Processing by BlogzsController#show as HTML
  Parameters: {"id"=>"1"}
  [1m[36mBlogz Load (0.4ms)[0m  [1m[34mSELECT "blogzs".* FROM "blogzs" WHERE "blogzs"."id" = $1 LIMIT $2[0m  [["id", 1], ["LIMIT", 1]]
  ↳ app/controllers/blogzs_controller.rb:44:in `set_blogz'
Completed 200 OK in 2ms (Views: 0.3ms | ActiveRecord: 0.4ms | Allocations: 656)


Started GET "/blogzs/" for ::1 at 2021-01-20 15:08:45 -0500
Processing by BlogzsController#index as HTML
  [1m[36mBlogz Load (0.3ms)[0m  [1m[34mSELECT "blogzs".* FROM "blogzs"[0m
  ↳ app/controllers/blogzs_controller.rb:8:in `index'
Completed 200 OK in 2ms (Views: 1.5ms | ActiveRecord: 0.3ms | Allocations: 762)


Started GET "/blogzs/1/comments" for ::1 at 2021-01-20 15:09:22 -0500
  
ActionController::RoutingError (No route matches [GET] "/blogzs/1/comments"):
  
Started GET "/blogzs/1/comment" for ::1 at 2021-01-20 15:09:27 -0500
  
ActionController::RoutingError (No route matches [GET] "/blogzs/1/comment"):
  
Started GET "/blogzs/comment" for ::1 at 2021-01-20 15:09:46 -0500
Processing by BlogzsController#show as HTML
  Parameters: {"id"=>"comment"}
  [1m[36mBlogz Load (0.2ms)[0m  [1m[34mSELECT "blogzs".* FROM "blogzs" WHERE "blogzs"."id" = $1 LIMIT $2[0m  [["id", nil], ["LIMIT", 1]]
  ↳ app/controllers/blogzs_controller.rb:44:in `set_blogz'
Completed 404 Not Found in 2ms (ActiveRecord: 0.2ms | Allocations: 516)


  
ActiveRecord::RecordNotFound (Couldn't find Blogz with 'id'=comment):
  
app/controllers/blogzs_controller.rb:44:in `set_blogz'
Started GET "/blogzs/comments" for ::1 at 2021-01-20 15:09:53 -0500
Processing by BlogzsController#show as HTML
  Parameters: {"id"=>"comments"}
  [1m[36mBlogz Load (0.3ms)[0m  [1m[34mSELECT "blogzs".* FROM "blogzs" WHERE "blogzs"."id" = $1 LIMIT $2[0m  [["id", nil], ["LIMIT", 1]]
  ↳ app/controllers/blogzs_controller.rb:44:in `set_blogz'
Completed 404 Not Found in 1ms (ActiveRecord: 0.3ms | Allocations: 515)


  
ActiveRecord::RecordNotFound (Couldn't find Blogz with 'id'=comments):
  
app/controllers/blogzs_controller.rb:44:in `set_blogz'
Started GET "/comments" for ::1 at 2021-01-20 15:10:01 -0500
Processing by CommentsController#index as HTML
  [1m[36mComment Load (0.2ms)[0m  [1m[34mSELECT "comments".* FROM "comments"[0m
  ↳ app/controllers/comments_controller.rb:8:in `index'
Completed 200 OK in 1ms (Views: 0.9ms | ActiveRecord: 0.2ms | Allocations: 617)


Started GET "/comments" for ::1 at 2021-01-20 15:10:27 -0500
Processing by CommentsController#index as HTML
  [1m[36mComment Load (0.2ms)[0m  [1m[34mSELECT "comments".* FROM "comments"[0m
  ↳ app/controllers/comments_controller.rb:8:in `index'
Completed 200 OK in 1ms (Views: 1.0ms | ActiveRecord: 0.2ms | Allocations: 615)


Started GET "/blogzs" for ::1 at 2021-01-20 15:13:28 -0500
  [1m[35m (0.6ms)[0m  [1m[34mSELECT "schema_migrations"."version" FROM "schema_migrations" ORDER BY "schema_migrations"."version" ASC[0m
Processing by BlogzsController#index as */*
  Parameters: {"temperature"=>{"average_high_f"=>"100", "average_low_f"=>"0"}}
  [1m[36mBlogz Load (0.6ms)[0m  [1m[34mSELECT "blogzs".* FROM "blogzs"[0m
  ↳ app/controllers/blogzs_controller.rb:8:in `index'
Completed 200 OK in 16ms (Views: 5.6ms | ActiveRecord: 4.6ms | Allocations: 8619)


Started GET "/comments" for ::1 at 2021-01-20 15:13:39 -0500
Processing by CommentsController#index as */*
  Parameters: {"temperature"=>{"average_high_f"=>"100", "average_low_f"=>"0"}}
  [1m[36mComment Load (0.4ms)[0m  [1m[34mSELECT "comments".* FROM "comments"[0m
  ↳ app/controllers/comments_controller.rb:8:in `index'
Completed 200 OK in 3ms (Views: 1.0ms | ActiveRecord: 0.4ms | Allocations: 1353)


Started POST "/comments" for ::1 at 2021-01-20 15:18:00 -0500
Processing by CommentsController#create as */*
  Parameters: {"comments"=>{"name"=>"Candice", "email"=>"cand@gmail.com", "ideas"=>"Hope this works"}}
Completed 400 Bad Request in 0ms (ActiveRecord: 0.0ms | Allocations: 125)


  
ActionController::ParameterMissing (param is missing or the value is empty: comment):
  
app/controllers/comments_controller.rb:49:in `comment_params'
app/controllers/comments_controller.rb:18:in `create'
Started POST "/comments" for ::1 at 2021-01-20 15:18:41 -0500
Processing by CommentsController#create as */*
  Parameters: {"comment"=>{"name"=>"Candice", "email"=>"cand@gmail.com", "ideas"=>"Hope this works"}}
Completed 422 Unprocessable Entity in 24ms (Views: 11.9ms | ActiveRecord: 3.3ms | Allocations: 9369)


Started POST "/comments" for ::1 at 2021-01-20 15:20:04 -0500
Processing by CommentsController#create as */*
  Parameters: {"blogz"=>{"name"=>"Candice", "email"=>"cand@gmail.com", "ideas"=>"Hope this works"}}
Completed 400 Bad Request in 0ms (ActiveRecord: 0.0ms | Allocations: 116)


  
ActionController::ParameterMissing (param is missing or the value is empty: comment):
  
app/controllers/comments_controller.rb:49:in `comment_params'
app/controllers/comments_controller.rb:18:in `create'
Started POST "/blogzs/comments" for ::1 at 2021-01-20 15:20:32 -0500
  
ActionController::RoutingError (No route matches [POST] "/blogzs/comments"):
  
Started POST "/blogzs/comments" for ::1 at 2021-01-20 15:21:04 -0500
  
ActionController::RoutingError (No route matches [POST] "/blogzs/comments"):
  
Started POST "/blogzs/comments" for ::1 at 2021-01-20 15:21:32 -0500
  
ActionController::RoutingError (No route matches [POST] "/blogzs/comments"):
  
Started GET "/comments" for ::1 at 2021-01-20 15:28:49 -0500
Processing by CommentsController#index as HTML
  [1m[36mComment Load (0.4ms)[0m  [1m[34mSELECT "comments".* FROM "comments"[0m
  ↳ app/controllers/comments_controller.rb:8:in `index'
Completed 200 OK in 11ms (Views: 11.1ms | ActiveRecord: 6.3ms | Allocations: 2709)


Started GET "/comments/1" for ::1 at 2021-01-20 15:29:01 -0500
Processing by CommentsController#show as HTML
  Parameters: {"id"=>"1"}
  [1m[36mComment Load (0.2ms)[0m  [1m[34mSELECT "comments".* FROM "comments" WHERE "comments"."id" = $1 LIMIT $2[0m  [["id", 1], ["LIMIT", 1]]
  ↳ app/controllers/comments_controller.rb:44:in `set_comment'
Completed 404 Not Found in 6ms (ActiveRecord: 0.4ms | Allocations: 2121)


  
ActiveRecord::RecordNotFound (Couldn't find Comment with 'id'=1):
  
app/controllers/comments_controller.rb:44:in `set_comment'
Started GET "/comments/" for ::1 at 2021-01-20 15:29:10 -0500
Processing by CommentsController#index as HTML
  [1m[36mComment Load (0.2ms)[0m  [1m[34mSELECT "comments".* FROM "comments"[0m
  ↳ app/controllers/comments_controller.rb:8:in `index'
Completed 200 OK in 2ms (Views: 1.1ms | ActiveRecord: 0.2ms | Allocations: 735)


Started POST "/comments" for ::1 at 2021-01-20 15:31:56 -0500
Processing by CommentsController#create as */*
  Parameters: {"name"=>"'Candice'", "email"=>"'cand@gmail.com'", "ideas"=>"'Hope this works'"}
Completed 400 Bad Request in 0ms (ActiveRecord: 0.0ms | Allocations: 123)


  
ActionController::ParameterMissing (param is missing or the value is empty: comment):
  
app/controllers/comments_controller.rb:49:in `comment_params'
app/controllers/comments_controller.rb:18:in `create'
Started POST "/comments" for ::1 at 2021-01-20 15:35:41 -0500
Processing by CommentsController#create as */*
  Parameters: {":name"=>"'Candice'", ":email"=>"'cand@gmail.com'", ":ideas"=>"'Hope this works'"}
Completed 400 Bad Request in 0ms (Allocations: 113)


  
ActionController::ParameterMissing (param is missing or the value is empty: comment):
  
app/controllers/comments_controller.rb:49:in `comment_params'
app/controllers/comments_controller.rb:18:in `create'
Started POST "/comments" for ::1 at 2021-01-20 15:36:01 -0500
Processing by CommentsController#create as */*
  Parameters: {":name"=>"Candice", ":email"=>"cand@gmail.com", ":ideas"=>"Hope this works"}
Completed 400 Bad Request in 0ms (Allocations: 113)


  
ActionController::ParameterMissing (param is missing or the value is empty: comment):
  
app/controllers/comments_controller.rb:49:in `comment_params'
app/controllers/comments_controller.rb:18:in `create'
Started POST "/comments" for ::1 at 2021-01-20 15:37:20 -0500
Processing by CommentsController#create as */*
  Parameters: {":comment"=>{"name"=>"Candice", "email"=>"cand@gmail.com", "ideas"=>"Hope this works"}}
Completed 400 Bad Request in 1ms (Allocations: 113)


  
ActionController::ParameterMissing (param is missing or the value is empty: comment):
  
app/controllers/comments_controller.rb:49:in `comment_params'
app/controllers/comments_controller.rb:18:in `create'
Started POST "/comments" for ::1 at 2021-01-20 15:37:42 -0500
Processing by CommentsController#create as */*
  Parameters: {":comment"=>{":name"=>"Candice", ":email"=>"cand@gmail.com", ":ideas"=>"Hope this works"}}
Completed 400 Bad Request in 0ms (Allocations: 113)


  
ActionController::ParameterMissing (param is missing or the value is empty: comment):
  
app/controllers/comments_controller.rb:49:in `comment_params'
app/controllers/comments_controller.rb:18:in `create'
Started POST "/comments" for ::1 at 2021-01-20 15:38:01 -0500
Processing by CommentsController#create as */*
  Parameters: {"comment"=>{":name"=>"Candice", ":email"=>"cand@gmail.com", ":ideas"=>"Hope this works"}}
[31mUnpermitted parameters: ::name, ::email, ::ideas[0m
Completed 422 Unprocessable Entity in 13ms (Views: 0.5ms | ActiveRecord: 6.3ms | Allocations: 2715)


Started POST "/blogzs" for ::1 at 2021-01-20 15:39:59 -0500
Processing by BlogzsController#create as */*
  Parameters: {"comment"=>{":name"=>"Candice", ":email"=>"cand@gmail.com", ":ideas"=>"Hope this works"}}
Completed 400 Bad Request in 0ms (ActiveRecord: 0.0ms | Allocations: 116)


  
ActionController::ParameterMissing (param is missing or the value is empty: blogz):
  
app/controllers/blogzs_controller.rb:49:in `blogz_params'
app/controllers/blogzs_controller.rb:18:in `create'
Started POST "/blogzs/2" for ::1 at 2021-01-20 15:40:32 -0500
  
ActionController::RoutingError (No route matches [POST] "/blogzs/2"):
  
Started POST "/blogzs/1" for ::1 at 2021-01-20 15:40:46 -0500
  
ActionController::RoutingError (No route matches [POST] "/blogzs/1"):
  
Started POST "/blogz/1" for ::1 at 2021-01-20 15:40:58 -0500
  
ActionController::RoutingError (No route matches [POST] "/blogz/1"):
  
Started POST "/blogzs" for ::1 at 2021-01-20 15:43:07 -0500
Processing by BlogzsController#create as */*
  Parameters: {"comment"=>{":title"=>"Candice", ":content"=>"cand@gmail.com", ":author"=>"Hope this works"}, "comment:"=>{"img"=>"random image"}}
Completed 400 Bad Request in 0ms (ActiveRecord: 0.0ms | Allocations: 113)


  
ActionController::ParameterMissing (param is missing or the value is empty: blogz):
  
app/controllers/blogzs_controller.rb:49:in `blogz_params'
app/controllers/blogzs_controller.rb:18:in `create'
Started POST "/blogzs" for ::1 at 2021-01-20 15:44:10 -0500
Processing by BlogzsController#create as */*
  Parameters: {"blogz"=>{":title"=>"Candice", ":content"=>"cand@gmail.com", ":author"=>"Hope this works", ":img"=>"random image"}}
[31mUnpermitted parameters: ::title, ::content, ::author, ::img[0m
  [1m[36mTRANSACTION (0.2ms)[0m  [1m[35mBEGIN[0m
  ↳ app/controllers/blogzs_controller.rb:20:in `create'
  [1m[36mBlogz Create (0.9ms)[0m  [1m[32mINSERT INTO "blogzs" ("created_at", "updated_at") VALUES ($1, $2) RETURNING "id"[0m  [["created_at", "2021-01-20 20:44:10.328371"], ["updated_at", "2021-01-20 20:44:10.328371"]]
  ↳ app/controllers/blogzs_controller.rb:20:in `create'
  [1m[36mTRANSACTION (0.8ms)[0m  [1m[35mCOMMIT[0m
  ↳ app/controllers/blogzs_controller.rb:20:in `create'
Completed 201 Created in 19ms (Views: 0.8ms | ActiveRecord: 8.3ms | Allocations: 4155)


Started POST "/blogzs" for ::1 at 2021-01-20 15:45:48 -0500
Processing by BlogzsController#create as */*
  Parameters: {"blogz"=>{":title"=>"\"Candice\"", ":content"=>"\"cand@gmail.com\"", ":author"=>"\"Hope this works\"", ":img"=>"\"random image\""}}
[31mUnpermitted parameters: ::title, ::content, ::author, ::img[0m
  [1m[36mTRANSACTION (0.1ms)[0m  [1m[35mBEGIN[0m
  ↳ app/controllers/blogzs_controller.rb:20:in `create'
  [1m[36mBlogz Create (0.3ms)[0m  [1m[32mINSERT INTO "blogzs" ("created_at", "updated_at") VALUES ($1, $2) RETURNING "id"[0m  [["created_at", "2021-01-20 20:45:48.035688"], ["updated_at", "2021-01-20 20:45:48.035688"]]
  ↳ app/controllers/blogzs_controller.rb:20:in `create'
  [1m[36mTRANSACTION (5.7ms)[0m  [1m[35mCOMMIT[0m
  ↳ app/controllers/blogzs_controller.rb:20:in `create'
Completed 201 Created in 9ms (Views: 0.3ms | ActiveRecord: 6.1ms | Allocations: 1864)


Started GET "/blogzs" for ::1 at 2021-01-20 15:46:13 -0500
Processing by BlogzsController#index as */*
  Parameters: {"blogz"=>{":title"=>"\"Candice\"", ":content"=>"\"cand@gmail.com\"", ":author"=>"\"Hope this works\"", ":img"=>"\"random image\""}}
  [1m[36mBlogz Load (0.3ms)[0m  [1m[34mSELECT "blogzs".* FROM "blogzs"[0m
  ↳ app/controllers/blogzs_controller.rb:8:in `index'
Completed 200 OK in 2ms (Views: 1.2ms | ActiveRecord: 0.3ms | Allocations: 986)


Started DELETE "/blogzs/3" for ::1 at 2021-01-20 15:46:54 -0500
Processing by BlogzsController#destroy as */*
  Parameters: {"blogz"=>{":title"=>"\"Candice\"", ":content"=>"\"cand@gmail.com\"", ":author"=>"\"Hope this works\"", ":img"=>"\"random image\""}, "id"=>"3"}
  [1m[36mBlogz Load (0.3ms)[0m  [1m[34mSELECT "blogzs".* FROM "blogzs" WHERE "blogzs"."id" = $1 LIMIT $2[0m  [["id", 3], ["LIMIT", 1]]
  ↳ app/controllers/blogzs_controller.rb:44:in `set_blogz'
  [1m[36mTRANSACTION (1.0ms)[0m  [1m[35mBEGIN[0m
  ↳ app/controllers/blogzs_controller.rb:38:in `destroy'
  [1m[36mBlogz Destroy (0.6ms)[0m  [1m[31mDELETE FROM "blogzs" WHERE "blogzs"."id" = $1[0m  [["id", 3]]
  ↳ app/controllers/blogzs_controller.rb:38:in `destroy'
  [1m[36mTRANSACTION (5.6ms)[0m  [1m[35mCOMMIT[0m
  ↳ app/controllers/blogzs_controller.rb:38:in `destroy'
Completed 204 No Content in 11ms (ActiveRecord: 7.6ms | Allocations: 1949)


Started GET "/blogzs/" for ::1 at 2021-01-20 15:47:02 -0500
Processing by BlogzsController#index as */*
  Parameters: {"blogz"=>{":title"=>"\"Candice\"", ":content"=>"\"cand@gmail.com\"", ":author"=>"\"Hope this works\"", ":img"=>"\"random image\""}}
  [1m[36mBlogz Load (0.2ms)[0m  [1m[34mSELECT "blogzs".* FROM "blogzs"[0m
  ↳ app/controllers/blogzs_controller.rb:8:in `index'
Completed 200 OK in 2ms (Views: 1.2ms | ActiveRecord: 0.2ms | Allocations: 841)


Started GET "/comments/" for ::1 at 2021-01-20 15:55:36 -0500
  [1m[35m (0.6ms)[0m  [1m[34mSELECT "schema_migrations"."version" FROM "schema_migrations" ORDER BY "schema_migrations"."version" ASC[0m
Processing by CommentsController#index as HTML
  [1m[36mComment Load (0.5ms)[0m  [1m[34mSELECT "comments".* FROM "comments"[0m
  ↳ app/controllers/comments_controller.rb:8:in `index'
Completed 200 OK in 8ms (Views: 1.0ms | ActiveRecord: 0.5ms | Allocations: 4171)


Started GET "/comments/" for ::1 at 2021-01-20 15:55:37 -0500
Processing by CommentsController#index as HTML
  [1m[36mComment Load (0.2ms)[0m  [1m[34mSELECT "comments".* FROM "comments"[0m
  ↳ app/controllers/comments_controller.rb:8:in `index'
Completed 200 OK in 1ms (Views: 0.9ms | ActiveRecord: 0.2ms | Allocations: 635)


Started POST "/comments/" for ::1 at 2021-01-20 15:56:54 -0500
Processing by CommentsController#create as */*
  Parameters: {"blogz"=>{":name"=>"\"Candice\"", ":email"=>"\"cand@gmail.com\"", ":ideas"=>"\"Hope this works\""}}
Completed 400 Bad Request in 0ms (ActiveRecord: 0.0ms | Allocations: 126)


  
ActionController::ParameterMissing (param is missing or the value is empty: comment):
  
app/controllers/comments_controller.rb:49:in `comment_params'
app/controllers/comments_controller.rb:18:in `create'
Started POST "/comments/" for ::1 at 2021-01-20 15:57:24 -0500
Processing by CommentsController#create as */*
  Parameters: {"comments"=>{":name"=>"\"Candice\"", ":email"=>"\"cand@gmail.com\"", ":ideas"=>"\"Hope this works\""}}
Completed 400 Bad Request in 0ms (ActiveRecord: 0.0ms | Allocations: 113)


  
ActionController::ParameterMissing (param is missing or the value is empty: comment):
  
app/controllers/comments_controller.rb:49:in `comment_params'
app/controllers/comments_controller.rb:18:in `create'
Started POST "/comments/" for ::1 at 2021-01-20 15:57:38 -0500
Processing by CommentsController#create as */*
  Parameters: {"comment"=>{":name"=>"\"Candice\"", ":email"=>"\"cand@gmail.com\"", ":ideas"=>"\"Hope this works\""}}
[31mUnpermitted parameters: ::name, ::email, ::ideas[0m
Completed 422 Unprocessable Entity in 17ms (Views: 1.6ms | ActiveRecord: 4.5ms | Allocations: 8713)


Started GET "/comments/" for ::1 at 2021-01-20 15:58:41 -0500
Processing by CommentsController#index as HTML
  [1m[36mComment Load (0.2ms)[0m  [1m[34mSELECT "comments".* FROM "comments"[0m
  ↳ app/controllers/comments_controller.rb:8:in `index'
Completed 200 OK in 11ms (Views: 10.8ms | ActiveRecord: 0.2ms | Allocations: 637)


Started GET "/comments/" for ::1 at 2021-01-20 15:58:43 -0500
Processing by CommentsController#index as HTML
  [1m[36mComment Load (0.2ms)[0m  [1m[34mSELECT "comments".* FROM "comments"[0m
  ↳ app/controllers/comments_controller.rb:8:in `index'
Completed 200 OK in 1ms (Views: 0.9ms | ActiveRecord: 0.2ms | Allocations: 615)


Started GET "/comments/" for ::1 at 2021-01-20 15:58:43 -0500
Processing by CommentsController#index as HTML
  [1m[36mComment Load (0.2ms)[0m  [1m[34mSELECT "comments".* FROM "comments"[0m
  ↳ app/controllers/comments_controller.rb:8:in `index'
Completed 200 OK in 1ms (Views: 0.9ms | ActiveRecord: 0.2ms | Allocations: 620)


Started POST "/comments/" for ::1 at 2021-01-20 16:00:10 -0500
Processing by CommentsController#create as */*
  Parameters: {"comment"=>{":name"=>"\"Candice\"", ":email"=>"\"cand@gmail.com\"", ":ideas"=>"\"Hope this works\""}}
[31mUnpermitted parameters: ::name, ::email, ::ideas[0m
Completed 422 Unprocessable Entity in 11ms (Views: 0.5ms | ActiveRecord: 3.8ms | Allocations: 5517)


Started POST "/comments/" for ::1 at 2021-01-20 16:00:54 -0500
Processing by CommentsController#create as */*
  Parameters: {"comment"=>{"name"=>"\"Candice\"", "email"=>"\"cand@gmail.com\"", "ideas"=>"\"Hope this works\""}}
Completed 422 Unprocessable Entity in 2ms (Views: 0.8ms | ActiveRecord: 0.0ms | Allocations: 621)


Started POST "/comments/" for ::1 at 2021-01-20 16:01:34 -0500
Processing by CommentsController#create as */*
  Parameters: {"comment"=>{"name"=>"Candice", "email"=>"cand@gmail.com", "ideas"=>"Hope this works"}}
Completed 422 Unprocessable Entity in 2ms (Views: 0.7ms | ActiveRecord: 0.0ms | Allocations: 603)


Started GET "/blogzs" for ::1 at 2021-01-20 16:03:00 -0500
Processing by BlogzsController#index as HTML
  [1m[36mBlogz Load (0.4ms)[0m  [1m[34mSELECT "blogzs".* FROM "blogzs"[0m
  ↳ app/controllers/blogzs_controller.rb:8:in `index'
Completed 200 OK in 9ms (Views: 5.2ms | ActiveRecord: 3.8ms | Allocations: 4653)


Started POST "/comments/" for ::1 at 2021-01-20 16:04:05 -0500
Processing by CommentsController#create as */*
  Parameters: {"comment"=>{"name"=>"Candice", "email"=>"cand@gmail.com", "ideas"=>"Hope this works"}}
  [1m[36mTRANSACTION (0.2ms)[0m  [1m[35mBEGIN[0m
  ↳ app/controllers/comments_controller.rb:20:in `create'
  [1m[36mBlogz Load (0.2ms)[0m  [1m[34mSELECT "blogzs".* FROM "blogzs" WHERE "blogzs"."id" = $1 LIMIT $2[0m  [["id", 1], ["LIMIT", 1]]
  ↳ app/controllers/comments_controller.rb:20:in `create'
  [1m[36mComment Create (1.5ms)[0m  [1m[32mINSERT INTO "comments" ("name", "email", "ideas", "created_at", "updated_at", "blogz_id") VALUES ($1, $2, $3, $4, $5, $6) RETURNING "id"[0m  [["name", "Candice"], ["email", "cand@gmail.com"], ["ideas", "Hope this works"], ["created_at", "2021-01-20 21:04:06.007572"], ["updated_at", "2021-01-20 21:04:06.007572"], ["blogz_id", 1]]
  ↳ app/controllers/comments_controller.rb:20:in `create'
  [1m[36mTRANSACTION (0.5ms)[0m  [1m[35mCOMMIT[0m
  ↳ app/controllers/comments_controller.rb:20:in `create'
Completed 201 Created in 28ms (Views: 0.3ms | ActiveRecord: 9.5ms | Allocations: 12822)


Started POST "/blogz/1/comments/" for ::1 at 2021-01-20 16:11:05 -0500
  [1m[35m (0.6ms)[0m  [1m[34mSELECT "schema_migrations"."version" FROM "schema_migrations" ORDER BY "schema_migrations"."version" ASC[0m
  
ActionController::RoutingError (No route matches [POST] "/blogz/1/comments"):
  
Started POST "/blogz/1/comments" for ::1 at 2021-01-20 16:11:20 -0500
  
ActionController::RoutingError (No route matches [POST] "/blogz/1/comments"):
  
Started POST "/blogzs/1/comments" for ::1 at 2021-01-20 16:12:53 -0500
  [1m[35m (0.6ms)[0m  [1m[34mSELECT "schema_migrations"."version" FROM "schema_migrations" ORDER BY "schema_migrations"."version" ASC[0m
Processing by CommentsController#create as */*
  Parameters: {"comment"=>{"name"=>"Candice", "email"=>"cand@gmail.com", "ideas"=>"Hope this works"}, "blogz_id"=>"1"}
  [1m[36mTRANSACTION (0.2ms)[0m  [1m[35mBEGIN[0m
  ↳ app/controllers/comments_controller.rb:20:in `create'
  [1m[36mBlogz Load (0.4ms)[0m  [1m[34mSELECT "blogzs".* FROM "blogzs" WHERE "blogzs"."id" = $1 LIMIT $2[0m  [["id", 1], ["LIMIT", 1]]
  ↳ app/controllers/comments_controller.rb:20:in `create'
  [1m[36mComment Create (0.7ms)[0m  [1m[32mINSERT INTO "comments" ("name", "email", "ideas", "created_at", "updated_at", "blogz_id") VALUES ($1, $2, $3, $4, $5, $6) RETURNING "id"[0m  [["name", "Candice"], ["email", "cand@gmail.com"], ["ideas", "Hope this works"], ["created_at", "2021-01-20 21:12:53.924483"], ["updated_at", "2021-01-20 21:12:53.924483"], ["blogz_id", 1]]
  ↳ app/controllers/comments_controller.rb:20:in `create'
  [1m[36mTRANSACTION (1.8ms)[0m  [1m[35mCOMMIT[0m
  ↳ app/controllers/comments_controller.rb:20:in `create'
Completed 201 Created in 34ms (Views: 0.3ms | ActiveRecord: 10.8ms | Allocations: 17696)


Started GET "/blogzs/" for ::1 at 2021-01-20 16:13:29 -0500
Processing by BlogzsController#index as */*
  Parameters: {"comment"=>{"name"=>"Candice", "email"=>"cand@gmail.com", "ideas"=>"Hope this works"}}
  [1m[36mBlogz Load (0.3ms)[0m  [1m[34mSELECT "blogzs".* FROM "blogzs"[0m
  ↳ app/controllers/blogzs_controller.rb:8:in `index'
Completed 200 OK in 4ms (Views: 3.5ms | ActiveRecord: 0.3ms | Allocations: 1058)


Started GET "/blogzs/" for ::1 at 2021-01-20 16:15:17 -0500
Processing by BlogzsController#index as */*
  Parameters: {"comment"=>{"name"=>"Candice", "email"=>"cand@gmail.com", "ideas"=>"Hope this works"}}
  [1m[36mBlogz Load (0.2ms)[0m  [1m[34mSELECT "blogzs".* FROM "blogzs"[0m
  ↳ app/controllers/blogzs_controller.rb:8:in `index'
  [1m[36mComment Load (0.3ms)[0m  [1m[34mSELECT "comments".* FROM "comments" WHERE "comments"."blogz_id" = $1[0m  [["blogz_id", 1]]
  ↳ app/controllers/blogzs_controller.rb:8:in `index'
  [1m[36mComment Load (0.3ms)[0m  [1m[34mSELECT "comments".* FROM "comments" WHERE "comments"."blogz_id" = $1[0m  [["blogz_id", 2]]
  ↳ app/controllers/blogzs_controller.rb:8:in `index'
Completed 200 OK in 39ms (Views: 0.1ms | ActiveRecord: 8.0ms | Allocations: 13234)


Started POST "/blogzs/" for ::1 at 2021-01-20 16:16:20 -0500
Processing by BlogzsController#create as */*
  Parameters: {"blogz"=>{"name"=>"Candice", "email"=>"cand@gmail.com", "ideas"=>"Hope this works", "img"=>"\"random image\""}}
[31mUnpermitted parameters: :email, :ideas[0m
Completed 500 Internal Server Error in 1ms (ActiveRecord: 0.0ms | Allocations: 278)


  
ActiveModel::UnknownAttributeError (unknown attribute 'name' for Blogz.):
  
app/controllers/blogzs_controller.rb:18:in `create'
Started POST "/blogzs/" for ::1 at 2021-01-20 16:17:55 -0500
Processing by BlogzsController#create as */*
  Parameters: {"blogz"=>{"title"=>"Candice", "author"=>"cand@gmail.com", "content"=>"Hope this works", "img"=>"\"random image\""}}
  [1m[36mTRANSACTION (0.1ms)[0m  [1m[35mBEGIN[0m
  ↳ app/controllers/blogzs_controller.rb:20:in `create'
  [1m[36mBlogz Create (0.3ms)[0m  [1m[32mINSERT INTO "blogzs" ("title", "content", "author", "img", "created_at", "updated_at") VALUES ($1, $2, $3, $4, $5, $6) RETURNING "id"[0m  [["title", "Candice"], ["content", "Hope this works"], ["author", "cand@gmail.com"], ["img", "\"random image\""], ["created_at", "2021-01-20 21:17:55.747683"], ["updated_at", "2021-01-20 21:17:55.747683"]]
  ↳ app/controllers/blogzs_controller.rb:20:in `create'
  [1m[36mTRANSACTION (0.2ms)[0m  [1m[35mCOMMIT[0m
  ↳ app/controllers/blogzs_controller.rb:20:in `create'
Completed 201 Created in 13ms (Views: 0.5ms | ActiveRecord: 4.7ms | Allocations: 6578)


Started GET "/blogzs/1/comments" for ::1 at 2021-01-20 16:20:09 -0500
  
ActionController::RoutingError (No route matches [GET] "/blogzs/1/comments"):
  
Started GET "/comments" for ::1 at 2021-01-20 16:21:15 -0500
Processing by CommentsController#index as */*
  Parameters: {"blogz"=>{"title"=>"Candice", "author"=>"cand@gmail.com", "content"=>"Hope this works", "img"=>"\"random image\""}}
  [1m[36mComment Load (0.2ms)[0m  [1m[34mSELECT "comments".* FROM "comments"[0m
  ↳ app/controllers/comments_controller.rb:8:in `index'
Completed 200 OK in 9ms (Views: 5.1ms | ActiveRecord: 3.1ms | Allocations: 4805)


Started GET "/blogzs" for ::1 at 2021-01-20 17:29:32 -0500
Processing by BlogzsController#index as HTML
  [1m[36mBlogz Load (0.4ms)[0m  [1m[34mSELECT "blogzs".* FROM "blogzs"[0m
  ↳ app/controllers/blogzs_controller.rb:8:in `index'
  [1m[36mComment Load (0.4ms)[0m  [1m[34mSELECT "comments".* FROM "comments" WHERE "comments"."blogz_id" = $1[0m  [["blogz_id", 1]]
  ↳ app/controllers/blogzs_controller.rb:8:in `index'
  [1m[36mComment Load (0.2ms)[0m  [1m[34mSELECT "comments".* FROM "comments" WHERE "comments"."blogz_id" = $1[0m  [["blogz_id", 2]]
  ↳ app/controllers/blogzs_controller.rb:8:in `index'
  [1m[36mComment Load (0.1ms)[0m  [1m[34mSELECT "comments".* FROM "comments" WHERE "comments"."blogz_id" = $1[0m  [["blogz_id", 4]]
  ↳ app/controllers/blogzs_controller.rb:8:in `index'
Completed 200 OK in 18ms (Views: 0.1ms | ActiveRecord: 8.4ms | Allocations: 5440)


